<?xml version="1.0" encoding="UTF-8"?>
<!-- Generated by org.testng.reporters.JUnitXMLReporter -->
<testsuite ignored="0" hostname="CVT-QA1" failures="0" tests="3" name="Default test" time="154.23" errors="0" timestamp="2025-03-18T19:36:46 IST">
  <testcase classname="RunnableClass.Janitorial_Login" name="TC0001" time="20.431"/>
  <testcase classname="RunnableClass.Janitorial_Login" name="TC0002" time="30.949"/>
  <testcase classname="RunnableClass.Janitorial_Login" name="TC0003" time="90.807"/>
</testsuite> <!-- Default test -->
