<?xml version="1.0" encoding="UTF-8"?>
<testng-results ignored="0" total="2" passed="2" failed="0" skipped="0">
  <reporter-output>
  </reporter-output>
  <suite started-at="2025-03-14T18:43:12 IST" name="Default suite" finished-at="2025-03-14T18:44:29 IST" duration-ms="76681">
    <groups>
    </groups>
    <test started-at="2025-03-14T18:43:12 IST" name="Default test" finished-at="2025-03-14T18:44:29 IST" duration-ms="76681">
      <class name="RunnableClass.Janitorial_Login">
        <test-method is-config="true" signature="setup()[pri:0, instance:RunnableClass.Janitorial_Login@3eb25e1a]" started-at="2025-03-14T18:43:12 IST" name="setup" finished-at="2025-03-14T18:43:36 IST" duration-ms="23819" status="PASS">
          <reporter-output>
          </reporter-output>
        </test-method> <!-- setup -->
        <test-method signature="PermissionScren()[pri:0, instance:RunnableClass.Janitorial_Login@3eb25e1a]" started-at="2025-03-14T18:43:36 IST" name="PermissionScren" finished-at="2025-03-14T18:43:58 IST" duration-ms="21338" status="PASS">
          <reporter-output>
          </reporter-output>
        </test-method> <!-- PermissionScren -->
        <test-method signature="JanitorialCheckInCheckOut()[pri:1, instance:RunnableClass.Janitorial_Login@3eb25e1a]" started-at="2025-03-14T18:43:58 IST" name="JanitorialCheckInCheckOut" finished-at="2025-03-14T18:44:27 IST" duration-ms="29332" status="PASS">
          <reporter-output>
          </reporter-output>
        </test-method> <!-- JanitorialCheckInCheckOut -->
        <test-method is-config="true" signature="teardown()[pri:0, instance:RunnableClass.Janitorial_Login@3eb25e1a]" started-at="2025-03-14T18:44:27 IST" name="teardown" finished-at="2025-03-14T18:44:29 IST" duration-ms="2138" status="PASS">
          <reporter-output>
          </reporter-output>
        </test-method> <!-- teardown -->
      </class> <!-- RunnableClass.Janitorial_Login -->
    </test> <!-- Default test -->
  </suite> <!-- Default suite -->
</testng-results>
